{"/Users/Gerard/bootcamp/lab/Axa-Api/logic/index.js": {"path":"/Users/Gerard/bootcamp/lab/Axa-Api/logic/index.js","statementMap":{"0":{"start":{"line":1,"column":14},"end":{"line":1,"column":41}},"1":{"start":{"line":4,"column":4},"end":{"line":4,"column":43}},"2":{"start":{"line":6,"column":26},"end":{"line":6,"column":75}},"3":{"start":{"line":7,"column":27},"end":{"line":7,"column":76}},"4":{"start":{"line":8,"column":24},"end":{"line":8,"column":32}},"5":{"start":{"line":10,"column":14},"end":{"line":131,"column":1}},"6":{"start":{"line":12,"column":4},"end":{"line":29,"column":9}},"7":{"start":{"line":14,"column":8},"end":{"line":14,"column":79}},"8":{"start":{"line":14,"column":50},"end":{"line":14,"column":79}},"9":{"start":{"line":15,"column":8},"end":{"line":15,"column":88}},"10":{"start":{"line":15,"column":56},"end":{"line":15,"column":88}},"11":{"start":{"line":17,"column":18},"end":{"line":17,"column":42}},"12":{"start":{"line":18,"column":24},"end":{"line":18,"column":39}},"13":{"start":{"line":21,"column":12},"end":{"line":21,"column":58}},"14":{"start":{"line":21,"column":35},"end":{"line":21,"column":57}},"15":{"start":{"line":23,"column":8},"end":{"line":23,"column":88}},"16":{"start":{"line":23,"column":53},"end":{"line":23,"column":88}},"17":{"start":{"line":25,"column":8},"end":{"line":28,"column":10}},"18":{"start":{"line":33,"column":4},"end":{"line":46,"column":9}},"19":{"start":{"line":35,"column":8},"end":{"line":35,"column":70}},"20":{"start":{"line":35,"column":44},"end":{"line":35,"column":70}},"21":{"start":{"line":37,"column":18},"end":{"line":37,"column":42}},"22":{"start":{"line":38,"column":24},"end":{"line":38,"column":39}},"23":{"start":{"line":41,"column":12},"end":{"line":41,"column":52}},"24":{"start":{"line":41,"column":35},"end":{"line":41,"column":51}},"25":{"start":{"line":43,"column":8},"end":{"line":43,"column":72}},"26":{"start":{"line":43,"column":21},"end":{"line":43,"column":72}},"27":{"start":{"line":45,"column":8},"end":{"line":45,"column":22}},"28":{"start":{"line":50,"column":4},"end":{"line":65,"column":9}},"29":{"start":{"line":52,"column":8},"end":{"line":52,"column":76}},"30":{"start":{"line":52,"column":48},"end":{"line":52,"column":76}},"31":{"start":{"line":54,"column":18},"end":{"line":54,"column":42}},"32":{"start":{"line":55,"column":24},"end":{"line":55,"column":39}},"33":{"start":{"line":59,"column":8},"end":{"line":59,"column":80}},"34":{"start":{"line":59,"column":31},"end":{"line":59,"column":79}},"35":{"start":{"line":62,"column":8},"end":{"line":62,"column":76}},"36":{"start":{"line":62,"column":21},"end":{"line":62,"column":76}},"37":{"start":{"line":64,"column":8},"end":{"line":64,"column":22}},"38":{"start":{"line":69,"column":4},"end":{"line":100,"column":9}},"39":{"start":{"line":71,"column":8},"end":{"line":71,"column":76}},"40":{"start":{"line":71,"column":48},"end":{"line":71,"column":76}},"41":{"start":{"line":73,"column":18},"end":{"line":73,"column":42}},"42":{"start":{"line":74,"column":24},"end":{"line":74,"column":39}},"43":{"start":{"line":78,"column":8},"end":{"line":78,"column":80}},"44":{"start":{"line":78,"column":31},"end":{"line":78,"column":79}},"45":{"start":{"line":81,"column":8},"end":{"line":81,"column":76}},"46":{"start":{"line":81,"column":21},"end":{"line":81,"column":76}},"47":{"start":{"line":85,"column":12},"end":{"line":85,"column":18}},"48":{"start":{"line":87,"column":8},"end":{"line":99,"column":13}},"49":{"start":{"line":88,"column":28},"end":{"line":88,"column":43}},"50":{"start":{"line":92,"column":12},"end":{"line":92,"column":63}},"51":{"start":{"line":92,"column":39},"end":{"line":92,"column":62}},"52":{"start":{"line":95,"column":12},"end":{"line":96,"column":65}},"53":{"start":{"line":96,"column":14},"end":{"line":96,"column":65}},"54":{"start":{"line":98,"column":12},"end":{"line":98,"column":27}},"55":{"start":{"line":104,"column":4},"end":{"line":129,"column":9}},"56":{"start":{"line":106,"column":8},"end":{"line":107,"column":44}},"57":{"start":{"line":107,"column":10},"end":{"line":107,"column":44}},"58":{"start":{"line":109,"column":18},"end":{"line":109,"column":43}},"59":{"start":{"line":110,"column":24},"end":{"line":110,"column":39}},"60":{"start":{"line":114,"column":8},"end":{"line":114,"column":58}},"61":{"start":{"line":114,"column":33},"end":{"line":114,"column":57}},"62":{"start":{"line":117,"column":8},"end":{"line":117,"column":78}},"63":{"start":{"line":117,"column":22},"end":{"line":117,"column":78}},"64":{"start":{"line":121,"column":12},"end":{"line":121,"column":19}},"65":{"start":{"line":123,"column":8},"end":{"line":128,"column":34}},"66":{"start":{"line":124,"column":28},"end":{"line":124,"column":43}},"67":{"start":{"line":127,"column":16},"end":{"line":127,"column":62}},"68":{"start":{"line":127,"column":39},"end":{"line":127,"column":61}},"69":{"start":{"line":128,"column":26},"end":{"line":128,"column":32}},"70":{"start":{"line":133,"column":0},"end":{"line":135,"column":2}}},"fnMap":{"0":{"name":"(anonymous_0)","decl":{"start":{"line":11,"column":2},"end":{"line":11,"column":3}},"loc":{"start":{"line":11,"column":36},"end":{"line":30,"column":3}},"line":11},"1":{"name":"(anonymous_1)","decl":{"start":{"line":13,"column":12},"end":{"line":13,"column":13}},"loc":{"start":{"line":13,"column":18},"end":{"line":16,"column":7}},"line":13},"2":{"name":"(anonymous_2)","decl":{"start":{"line":17,"column":12},"end":{"line":17,"column":13}},"loc":{"start":{"line":17,"column":18},"end":{"line":17,"column":42}},"line":17},"3":{"name":"(anonymous_3)","decl":{"start":{"line":18,"column":12},"end":{"line":18,"column":13}},"loc":{"start":{"line":18,"column":24},"end":{"line":18,"column":39}},"line":18},"4":{"name":"(anonymous_4)","decl":{"start":{"line":19,"column":12},"end":{"line":19,"column":13}},"loc":{"start":{"line":21,"column":12},"end":{"line":21,"column":58}},"line":21},"5":{"name":"(anonymous_5)","decl":{"start":{"line":21,"column":25},"end":{"line":21,"column":26}},"loc":{"start":{"line":21,"column":35},"end":{"line":21,"column":57}},"line":21},"6":{"name":"(anonymous_6)","decl":{"start":{"line":22,"column":12},"end":{"line":22,"column":13}},"loc":{"start":{"line":22,"column":22},"end":{"line":29,"column":7}},"line":22},"7":{"name":"(anonymous_7)","decl":{"start":{"line":32,"column":2},"end":{"line":32,"column":3}},"loc":{"start":{"line":32,"column":21},"end":{"line":47,"column":3}},"line":32},"8":{"name":"(anonymous_8)","decl":{"start":{"line":34,"column":12},"end":{"line":34,"column":13}},"loc":{"start":{"line":34,"column":18},"end":{"line":36,"column":7}},"line":34},"9":{"name":"(anonymous_9)","decl":{"start":{"line":37,"column":12},"end":{"line":37,"column":13}},"loc":{"start":{"line":37,"column":18},"end":{"line":37,"column":42}},"line":37},"10":{"name":"(anonymous_10)","decl":{"start":{"line":38,"column":12},"end":{"line":38,"column":13}},"loc":{"start":{"line":38,"column":24},"end":{"line":38,"column":39}},"line":38},"11":{"name":"(anonymous_11)","decl":{"start":{"line":39,"column":12},"end":{"line":39,"column":13}},"loc":{"start":{"line":41,"column":12},"end":{"line":41,"column":52}},"line":41},"12":{"name":"(anonymous_12)","decl":{"start":{"line":41,"column":25},"end":{"line":41,"column":26}},"loc":{"start":{"line":41,"column":35},"end":{"line":41,"column":51}},"line":41},"13":{"name":"(anonymous_13)","decl":{"start":{"line":42,"column":12},"end":{"line":42,"column":13}},"loc":{"start":{"line":42,"column":22},"end":{"line":46,"column":7}},"line":42},"14":{"name":"(anonymous_14)","decl":{"start":{"line":49,"column":2},"end":{"line":49,"column":3}},"loc":{"start":{"line":49,"column":25},"end":{"line":66,"column":3}},"line":49},"15":{"name":"(anonymous_15)","decl":{"start":{"line":51,"column":12},"end":{"line":51,"column":13}},"loc":{"start":{"line":51,"column":18},"end":{"line":53,"column":7}},"line":51},"16":{"name":"(anonymous_16)","decl":{"start":{"line":54,"column":12},"end":{"line":54,"column":13}},"loc":{"start":{"line":54,"column":18},"end":{"line":54,"column":42}},"line":54},"17":{"name":"(anonymous_17)","decl":{"start":{"line":55,"column":12},"end":{"line":55,"column":13}},"loc":{"start":{"line":55,"column":24},"end":{"line":55,"column":39}},"line":55},"18":{"name":"(anonymous_18)","decl":{"start":{"line":56,"column":12},"end":{"line":56,"column":13}},"loc":{"start":{"line":59,"column":8},"end":{"line":59,"column":80}},"line":59},"19":{"name":"(anonymous_19)","decl":{"start":{"line":59,"column":21},"end":{"line":59,"column":22}},"loc":{"start":{"line":59,"column":31},"end":{"line":59,"column":79}},"line":59},"20":{"name":"(anonymous_20)","decl":{"start":{"line":61,"column":12},"end":{"line":61,"column":13}},"loc":{"start":{"line":61,"column":22},"end":{"line":65,"column":7}},"line":61},"21":{"name":"(anonymous_21)","decl":{"start":{"line":68,"column":2},"end":{"line":68,"column":3}},"loc":{"start":{"line":68,"column":33},"end":{"line":101,"column":3}},"line":68},"22":{"name":"(anonymous_22)","decl":{"start":{"line":70,"column":12},"end":{"line":70,"column":13}},"loc":{"start":{"line":70,"column":18},"end":{"line":72,"column":7}},"line":70},"23":{"name":"(anonymous_23)","decl":{"start":{"line":73,"column":12},"end":{"line":73,"column":13}},"loc":{"start":{"line":73,"column":18},"end":{"line":73,"column":42}},"line":73},"24":{"name":"(anonymous_24)","decl":{"start":{"line":74,"column":12},"end":{"line":74,"column":13}},"loc":{"start":{"line":74,"column":24},"end":{"line":74,"column":39}},"line":74},"25":{"name":"(anonymous_25)","decl":{"start":{"line":75,"column":12},"end":{"line":75,"column":13}},"loc":{"start":{"line":78,"column":8},"end":{"line":78,"column":80}},"line":78},"26":{"name":"(anonymous_26)","decl":{"start":{"line":78,"column":21},"end":{"line":78,"column":22}},"loc":{"start":{"line":78,"column":31},"end":{"line":78,"column":79}},"line":78},"27":{"name":"(anonymous_27)","decl":{"start":{"line":80,"column":12},"end":{"line":80,"column":13}},"loc":{"start":{"line":80,"column":22},"end":{"line":100,"column":7}},"line":80},"28":{"name":"(anonymous_28)","decl":{"start":{"line":88,"column":16},"end":{"line":88,"column":17}},"loc":{"start":{"line":88,"column":28},"end":{"line":88,"column":43}},"line":88},"29":{"name":"(anonymous_29)","decl":{"start":{"line":89,"column":16},"end":{"line":89,"column":17}},"loc":{"start":{"line":92,"column":12},"end":{"line":92,"column":63}},"line":92},"30":{"name":"(anonymous_30)","decl":{"start":{"line":92,"column":28},"end":{"line":92,"column":29}},"loc":{"start":{"line":92,"column":39},"end":{"line":92,"column":62}},"line":92},"31":{"name":"(anonymous_31)","decl":{"start":{"line":94,"column":16},"end":{"line":94,"column":17}},"loc":{"start":{"line":94,"column":27},"end":{"line":99,"column":11}},"line":94},"32":{"name":"(anonymous_32)","decl":{"start":{"line":103,"column":2},"end":{"line":103,"column":3}},"loc":{"start":{"line":103,"column":35},"end":{"line":130,"column":3}},"line":103},"33":{"name":"(anonymous_33)","decl":{"start":{"line":105,"column":12},"end":{"line":105,"column":13}},"loc":{"start":{"line":105,"column":18},"end":{"line":108,"column":7}},"line":105},"34":{"name":"(anonymous_34)","decl":{"start":{"line":109,"column":12},"end":{"line":109,"column":13}},"loc":{"start":{"line":109,"column":18},"end":{"line":109,"column":43}},"line":109},"35":{"name":"(anonymous_35)","decl":{"start":{"line":110,"column":12},"end":{"line":110,"column":13}},"loc":{"start":{"line":110,"column":24},"end":{"line":110,"column":39}},"line":110},"36":{"name":"(anonymous_36)","decl":{"start":{"line":111,"column":12},"end":{"line":111,"column":13}},"loc":{"start":{"line":114,"column":8},"end":{"line":114,"column":58}},"line":114},"37":{"name":"(anonymous_37)","decl":{"start":{"line":114,"column":22},"end":{"line":114,"column":23}},"loc":{"start":{"line":114,"column":33},"end":{"line":114,"column":57}},"line":114},"38":{"name":"(anonymous_38)","decl":{"start":{"line":116,"column":12},"end":{"line":116,"column":13}},"loc":{"start":{"line":116,"column":23},"end":{"line":129,"column":7}},"line":116},"39":{"name":"(anonymous_39)","decl":{"start":{"line":124,"column":16},"end":{"line":124,"column":17}},"loc":{"start":{"line":124,"column":28},"end":{"line":124,"column":43}},"line":124},"40":{"name":"(anonymous_40)","decl":{"start":{"line":125,"column":16},"end":{"line":125,"column":17}},"loc":{"start":{"line":127,"column":16},"end":{"line":127,"column":62}},"line":127},"41":{"name":"(anonymous_41)","decl":{"start":{"line":127,"column":29},"end":{"line":127,"column":30}},"loc":{"start":{"line":127,"column":39},"end":{"line":127,"column":61}},"line":127},"42":{"name":"(anonymous_42)","decl":{"start":{"line":128,"column":16},"end":{"line":128,"column":17}},"loc":{"start":{"line":128,"column":26},"end":{"line":128,"column":32}},"line":128}},"branchMap":{"0":{"loc":{"start":{"line":14,"column":8},"end":{"line":14,"column":79}},"type":"if","locations":[{"start":{"line":14,"column":8},"end":{"line":14,"column":79}},{"start":{"line":14,"column":8},"end":{"line":14,"column":79}}],"line":14},"1":{"loc":{"start":{"line":15,"column":8},"end":{"line":15,"column":88}},"type":"if","locations":[{"start":{"line":15,"column":8},"end":{"line":15,"column":88}},{"start":{"line":15,"column":8},"end":{"line":15,"column":88}}],"line":15},"2":{"loc":{"start":{"line":23,"column":8},"end":{"line":23,"column":88}},"type":"if","locations":[{"start":{"line":23,"column":8},"end":{"line":23,"column":88}},{"start":{"line":23,"column":8},"end":{"line":23,"column":88}}],"line":23},"3":{"loc":{"start":{"line":23,"column":12},"end":{"line":23,"column":51}},"type":"binary-expr","locations":[{"start":{"line":23,"column":12},"end":{"line":23,"column":19}},{"start":{"line":23,"column":23},"end":{"line":23,"column":51}}],"line":23},"4":{"loc":{"start":{"line":35,"column":8},"end":{"line":35,"column":70}},"type":"if","locations":[{"start":{"line":35,"column":8},"end":{"line":35,"column":70}},{"start":{"line":35,"column":8},"end":{"line":35,"column":70}}],"line":35},"5":{"loc":{"start":{"line":43,"column":8},"end":{"line":43,"column":72}},"type":"if","locations":[{"start":{"line":43,"column":8},"end":{"line":43,"column":72}},{"start":{"line":43,"column":8},"end":{"line":43,"column":72}}],"line":43},"6":{"loc":{"start":{"line":52,"column":8},"end":{"line":52,"column":76}},"type":"if","locations":[{"start":{"line":52,"column":8},"end":{"line":52,"column":76}},{"start":{"line":52,"column":8},"end":{"line":52,"column":76}}],"line":52},"7":{"loc":{"start":{"line":62,"column":8},"end":{"line":62,"column":76}},"type":"if","locations":[{"start":{"line":62,"column":8},"end":{"line":62,"column":76}},{"start":{"line":62,"column":8},"end":{"line":62,"column":76}}],"line":62},"8":{"loc":{"start":{"line":71,"column":8},"end":{"line":71,"column":76}},"type":"if","locations":[{"start":{"line":71,"column":8},"end":{"line":71,"column":76}},{"start":{"line":71,"column":8},"end":{"line":71,"column":76}}],"line":71},"9":{"loc":{"start":{"line":81,"column":8},"end":{"line":81,"column":76}},"type":"if","locations":[{"start":{"line":81,"column":8},"end":{"line":81,"column":76}},{"start":{"line":81,"column":8},"end":{"line":81,"column":76}}],"line":81},"10":{"loc":{"start":{"line":95,"column":12},"end":{"line":96,"column":65}},"type":"if","locations":[{"start":{"line":95,"column":12},"end":{"line":96,"column":65}},{"start":{"line":95,"column":12},"end":{"line":96,"column":65}}],"line":95},"11":{"loc":{"start":{"line":106,"column":8},"end":{"line":107,"column":44}},"type":"if","locations":[{"start":{"line":106,"column":8},"end":{"line":107,"column":44}},{"start":{"line":106,"column":8},"end":{"line":107,"column":44}}],"line":106},"12":{"loc":{"start":{"line":117,"column":8},"end":{"line":117,"column":78}},"type":"if","locations":[{"start":{"line":117,"column":8},"end":{"line":117,"column":78}},{"start":{"line":117,"column":8},"end":{"line":117,"column":78}}],"line":117}},"s":{"0":1,"1":1,"2":1,"3":1,"4":1,"5":1,"6":4,"7":4,"8":1,"9":3,"10":1,"11":2,"12":2,"13":2,"14":4,"15":2,"16":1,"17":1,"18":5,"19":5,"20":3,"21":2,"22":2,"23":2,"24":195,"25":2,"26":1,"27":1,"28":5,"29":5,"30":3,"31":2,"32":2,"33":2,"34":195,"35":2,"36":1,"37":1,"38":6,"39":6,"40":3,"41":3,"42":3,"43":3,"44":198,"45":3,"46":1,"47":2,"48":2,"49":2,"50":2,"51":386,"52":2,"53":1,"54":1,"55":5,"56":5,"57":3,"58":2,"59":2,"60":2,"61":194,"62":2,"63":1,"64":1,"65":1,"66":1,"67":1,"68":2,"69":1,"70":1},"f":{"0":4,"1":4,"2":2,"3":2,"4":2,"5":4,"6":2,"7":5,"8":5,"9":2,"10":2,"11":2,"12":195,"13":2,"14":5,"15":5,"16":2,"17":2,"18":2,"19":195,"20":2,"21":6,"22":6,"23":3,"24":3,"25":3,"26":198,"27":3,"28":2,"29":2,"30":386,"31":2,"32":5,"33":5,"34":2,"35":2,"36":2,"37":194,"38":2,"39":1,"40":1,"41":2,"42":1},"b":{"0":[1,3],"1":[1,2],"2":[1,1],"3":[2,2],"4":[3,2],"5":[1,1],"6":[3,2],"7":[1,1],"8":[3,3],"9":[1,2],"10":[1,1],"11":[3,2],"12":[1,1]},"_coverageSchema":"43e27e138ebf9cfc5966b082cf9a028302ed4184","hash":"75a4dc16c9c7cbde40261e9f21f6e26e5101eec2"}
,"/Users/Gerard/bootcamp/lab/Axa-Api/utils/validateStringField.js": {"path":"/Users/Gerard/bootcamp/lab/Axa-Api/utils/validateStringField.js","statementMap":{"0":{"start":{"line":1,"column":28},"end":{"line":6,"column":1}},"1":{"start":{"line":2,"column":2},"end":{"line":4,"column":3}},"2":{"start":{"line":3,"column":4},"end":{"line":3,"column":17}},"3":{"start":{"line":5,"column":2},"end":{"line":5,"column":14}},"4":{"start":{"line":8,"column":0},"end":{"line":10,"column":2}}},"fnMap":{"0":{"name":"(anonymous_0)","decl":{"start":{"line":1,"column":28},"end":{"line":1,"column":29}},"loc":{"start":{"line":1,"column":45},"end":{"line":6,"column":1}},"line":1}},"branchMap":{"0":{"loc":{"start":{"line":2,"column":2},"end":{"line":4,"column":3}},"type":"if","locations":[{"start":{"line":2,"column":2},"end":{"line":4,"column":3}},{"start":{"line":2,"column":2},"end":{"line":4,"column":3}}],"line":2},"1":{"loc":{"start":{"line":2,"column":6},"end":{"line":2,"column":48}},"type":"binary-expr","locations":[{"start":{"line":2,"column":6},"end":{"line":2,"column":31}},{"start":{"line":2,"column":35},"end":{"line":2,"column":48}}],"line":2}},"s":{"0":1,"1":32,"2":17,"3":15,"4":1},"f":{"0":32},"b":{"0":[17,15],"1":[32,20]},"_coverageSchema":"43e27e138ebf9cfc5966b082cf9a028302ed4184","hash":"29070e03848944d201458f90f3639172d595eb2e"}
}
