TN:
SF:/Users/Gerard/bootcamp/lab/Axa-Api/logic/index.js
FN:11,(anonymous_0)
FN:13,(anonymous_1)
FN:17,(anonymous_2)
FN:18,(anonymous_3)
FN:19,(anonymous_4)
FN:21,(anonymous_5)
FN:22,(anonymous_6)
FN:32,(anonymous_7)
FN:34,(anonymous_8)
FN:37,(anonymous_9)
FN:38,(anonymous_10)
FN:39,(anonymous_11)
FN:41,(anonymous_12)
FN:42,(anonymous_13)
FN:49,(anonymous_14)
FN:51,(anonymous_15)
FN:54,(anonymous_16)
FN:55,(anonymous_17)
FN:56,(anonymous_18)
FN:59,(anonymous_19)
FN:61,(anonymous_20)
FN:68,(anonymous_21)
FN:70,(anonymous_22)
FN:73,(anonymous_23)
FN:74,(anonymous_24)
FN:75,(anonymous_25)
FN:78,(anonymous_26)
FN:80,(anonymous_27)
FN:88,(anonymous_28)
FN:89,(anonymous_29)
FN:92,(anonymous_30)
FN:94,(anonymous_31)
FN:103,(anonymous_32)
FN:105,(anonymous_33)
FN:109,(anonymous_34)
FN:110,(anonymous_35)
FN:111,(anonymous_36)
FN:114,(anonymous_37)
FN:116,(anonymous_38)
FN:124,(anonymous_39)
FN:125,(anonymous_40)
FN:127,(anonymous_41)
FN:128,(anonymous_42)
FNF:43
FNH:43
FNDA:4,(anonymous_0)
FNDA:4,(anonymous_1)
FNDA:2,(anonymous_2)
FNDA:2,(anonymous_3)
FNDA:2,(anonymous_4)
FNDA:4,(anonymous_5)
FNDA:2,(anonymous_6)
FNDA:5,(anonymous_7)
FNDA:5,(anonymous_8)
FNDA:2,(anonymous_9)
FNDA:2,(anonymous_10)
FNDA:2,(anonymous_11)
FNDA:195,(anonymous_12)
FNDA:2,(anonymous_13)
FNDA:5,(anonymous_14)
FNDA:5,(anonymous_15)
FNDA:2,(anonymous_16)
FNDA:2,(anonymous_17)
FNDA:2,(anonymous_18)
FNDA:195,(anonymous_19)
FNDA:2,(anonymous_20)
FNDA:6,(anonymous_21)
FNDA:6,(anonymous_22)
FNDA:3,(anonymous_23)
FNDA:3,(anonymous_24)
FNDA:3,(anonymous_25)
FNDA:198,(anonymous_26)
FNDA:3,(anonymous_27)
FNDA:2,(anonymous_28)
FNDA:2,(anonymous_29)
FNDA:386,(anonymous_30)
FNDA:2,(anonymous_31)
FNDA:5,(anonymous_32)
FNDA:5,(anonymous_33)
FNDA:2,(anonymous_34)
FNDA:2,(anonymous_35)
FNDA:2,(anonymous_36)
FNDA:194,(anonymous_37)
FNDA:2,(anonymous_38)
FNDA:1,(anonymous_39)
FNDA:1,(anonymous_40)
FNDA:2,(anonymous_41)
FNDA:1,(anonymous_42)
DA:1,1
DA:4,1
DA:6,1
DA:7,1
DA:8,1
DA:10,1
DA:12,4
DA:14,4
DA:15,3
DA:17,2
DA:18,2
DA:21,4
DA:23,2
DA:25,1
DA:33,5
DA:35,5
DA:37,2
DA:38,2
DA:41,195
DA:43,2
DA:45,1
DA:50,5
DA:52,5
DA:54,2
DA:55,2
DA:59,195
DA:62,2
DA:64,1
DA:69,6
DA:71,6
DA:73,3
DA:74,3
DA:78,198
DA:81,3
DA:85,2
DA:87,2
DA:88,2
DA:92,386
DA:95,2
DA:96,1
DA:98,1
DA:104,5
DA:106,5
DA:107,3
DA:109,2
DA:110,2
DA:114,194
DA:117,2
DA:121,1
DA:123,1
DA:124,1
DA:127,2
DA:128,1
DA:133,1
LF:54
LH:54
BRDA:14,0,0,1
BRDA:14,0,1,3
BRDA:15,1,0,1
BRDA:15,1,1,2
BRDA:23,2,0,1
BRDA:23,2,1,1
BRDA:23,3,0,2
BRDA:23,3,1,2
BRDA:35,4,0,3
BRDA:35,4,1,2
BRDA:43,5,0,1
BRDA:43,5,1,1
BRDA:52,6,0,3
BRDA:52,6,1,2
BRDA:62,7,0,1
BRDA:62,7,1,1
BRDA:71,8,0,3
BRDA:71,8,1,3
BRDA:81,9,0,1
BRDA:81,9,1,2
BRDA:95,10,0,1
BRDA:95,10,1,1
BRDA:106,11,0,3
BRDA:106,11,1,2
BRDA:117,12,0,1
BRDA:117,12,1,1
BRF:26
BRH:26
end_of_record
TN:
SF:/Users/Gerard/bootcamp/lab/Axa-Api/utils/validateStringField.js
FN:1,(anonymous_0)
FNF:1
FNH:1
FNDA:32,(anonymous_0)
DA:1,1
DA:2,32
DA:3,17
DA:5,15
DA:8,1
LF:5
LH:5
BRDA:2,0,0,17
BRDA:2,0,1,15
BRDA:2,1,0,32
BRDA:2,1,1,20
BRF:4
BRH:4
end_of_record
